<?xml version="1.0" encoding="UTF-8"?>
<!-- Generated by org.testng.reporters.JUnitReportReporter -->
<testsuite skipped="0" hostname="IXED-LAP00316" name="com.orangeHRproject.testScripts.Testscripts_loginScreen" tests="2" failures="0" timestamp="11 Sep 2019 10:39:33 GMT" time="6.748" errors="0">
  <testcase name="Testscripts_loginDetails" time="4.640" classname="com.orangeHRproject.testScripts.Testscripts_loginScreen"/>
  <testcase name="Testscripts_scroll" time="2.108" classname="com.orangeHRproject.testScripts.Testscripts_loginScreen"/>
</testsuite> <!-- com.orangeHRproject.testScripts.Testscripts_loginScreen -->
