<?xml version="1.0" encoding="UTF-8"?>
<!-- Generated by org.testng.reporters.JUnitReportReporter -->
<testsuite skipped="0" hostname="IXED-LAP00316" name="com.orangeHRproject.testScripts.Testscripts_dashboard" tests="1" failures="0" timestamp="11 Sep 2019 10:39:33 GMT" time="1.608" errors="0">
  <testcase name="Testscripts_assignleave" time="1.608" classname="com.orangeHRproject.testScripts.Testscripts_dashboard"/>
</testsuite> <!-- com.orangeHRproject.testScripts.Testscripts_dashboard -->
