<?xml version="1.0" encoding="UTF-8"?>
<!-- Generated by org.testng.reporters.JUnitReportReporter -->
<testsuite skipped="0" hostname="IXED-LAP00316" name="com.orangeHRproject.testScripts.Testscripts_loginScreen" tests="1" failures="0" timestamp="13 Sep 2019 10:03:49 GMT" time="9.465" errors="0">
  <testcase name="Testscripts_loginDetails" time="9.465" classname="com.orangeHRproject.testScripts.Testscripts_loginScreen"/>
</testsuite> <!-- com.orangeHRproject.testScripts.Testscripts_loginScreen -->
